<?xml version="1.0" encoding="UTF-8"?>
<testsuite xmlns:xsi="http://www.w3.org/2001/XMLSchema-instance" xsi:noNamespaceSchemaLocation="https://maven.apache.org/surefire/maven-surefire-plugin/xsd/surefire-test-report-3.0.xsd" version="3.0" name="com.example.cloudsql.TestIndexServletPostgres(sponge_log)" time="0.371" tests="2" errors="1" skipped="0" failures="1">
  <properties>
    <property name="sun.desktop" value="windows"/>
    <property name="awt.toolkit" value="sun.awt.windows.WToolkit"/>
    <property name="java.specification.version" value="11"/>
    <property name="sun.cpu.isalist" value="amd64"/>
    <property name="sun.jnu.encoding" value="Cp1252"/>
    <property name="java.class.path" value="C:\Users\Test\IdeaProjects\cloud-sql\postgres\servlet\target\test-classes;C:\Users\Test\IdeaProjects\cloud-sql\postgres\servlet\target\classes;C:\Users\Test\.m2\repository\javax\servlet\javax.servlet-api\3.1.0\javax.servlet-api-3.1.0.jar;C:\Users\Test\.m2\repository\javax\servlet\jstl\1.2\jstl-1.2.jar;C:\Users\Test\.m2\repository\org\postgresql\postgresql\42.4.1\postgresql-42.4.1.jar;C:\Users\Test\.m2\repository\org\checkerframework\checker-qual\3.5.0\checker-qual-3.5.0.jar;C:\Users\Test\.m2\repository\com\google\cloud\sql\postgres-socket-factory\1.4.1\postgres-socket-factory-1.4.1.jar;C:\Users\Test\.m2\repository\com\google\cloud\sql\jdbc-socket-factory-core\1.4.1\jdbc-socket-factory-core-1.4.1.jar;C:\Users\Test\.m2\repository\com\google\http-client\google-http-client-jackson2\1.40.1\google-http-client-jackson2-1.40.1.jar;C:\Users\Test\.m2\repository\com\fasterxml\jackson\core\jackson-core\2.13.0\jackson-core-2.13.0.jar;C:\Users\Test\.m2\repository\com\google\api-client\google-api-client\1.32.2\google-api-client-1.32.2.jar;C:\Users\Test\.m2\repository\com\google\oauth-client\google-oauth-client\1.32.1\google-oauth-client-1.32.1.jar;C:\Users\Test\.m2\repository\com\google\http-client\google-http-client-apache-v2\1.40.1\google-http-client-apache-v2-1.40.1.jar;C:\Users\Test\.m2\repository\org\checkerframework\checker-compat-qual\2.5.5\checker-compat-qual-2.5.5.jar;C:\Users\Test\.m2\repository\com\google\apis\google-api-services-sqladmin\v1beta4-rev20211110-1.32.1\google-api-services-sqladmin-v1beta4-rev20211110-1.32.1.jar;C:\Users\Test\.m2\repository\com\github\jnr\jnr-unixsocket\0.38.14\jnr-unixsocket-0.38.14.jar;C:\Users\Test\.m2\repository\com\github\jnr\jnr-ffi\2.2.10\jnr-ffi-2.2.10.jar;C:\Users\Test\.m2\repository\com\github\jnr\jffi\1.3.8\jffi-1.3.8.jar;C:\Users\Test\.m2\repository\com\github\jnr\jffi\1.3.8\jffi-1.3.8-native.jar;C:\Users\Test\.m2\repository\org\ow2\asm\asm-commons\9.2\asm-commons-9.2.jar;C:\Users\Test\.m2\repository\com\github\jnr\jnr-a64asm\1.0.0\jnr-a64asm-1.0.0.jar;C:\Users\Test\.m2\repository\com\github\jnr\jnr-x86asm\1.0.2\jnr-x86asm-1.0.2.jar;C:\Users\Test\.m2\repository\com\github\jnr\jnr-constants\0.10.3\jnr-constants-0.10.3.jar;C:\Users\Test\.m2\repository\com\github\jnr\jnr-enxio\0.32.12\jnr-enxio-0.32.12.jar;C:\Users\Test\.m2\repository\com\github\jnr\jnr-posix\3.1.13\jnr-posix-3.1.13.jar;C:\Users\Test\.m2\repository\org\ow2\asm\asm-util\9.2\asm-util-9.2.jar;C:\Users\Test\.m2\repository\org\ow2\asm\asm-tree\9.2\asm-tree-9.2.jar;C:\Users\Test\.m2\repository\org\ow2\asm\asm-analysis\9.2\asm-analysis-9.2.jar;C:\Users\Test\.m2\repository\com\zaxxer\HikariCP\5.0.1\HikariCP-5.0.1.jar;C:\Users\Test\.m2\repository\org\slf4j\slf4j-api\2.0.0-alpha1\slf4j-api-2.0.0-alpha1.jar;C:\Users\Test\.m2\repository\org\mockito\mockito-core\4.5.1\mockito-core-4.5.1.jar;C:\Users\Test\.m2\repository\net\bytebuddy\byte-buddy\1.12.9\byte-buddy-1.12.9.jar;C:\Users\Test\.m2\repository\net\bytebuddy\byte-buddy-agent\1.12.9\byte-buddy-agent-1.12.9.jar;C:\Users\Test\.m2\repository\org\objenesis\objenesis\3.2\objenesis-3.2.jar;C:\Users\Test\.m2\repository\junit\junit\4.13.2\junit-4.13.2.jar;C:\Users\Test\.m2\repository\org\hamcrest\hamcrest-core\1.3\hamcrest-core-1.3.jar;C:\Users\Test\.m2\repository\com\google\truth\truth\1.1.3\truth-1.1.3.jar;C:\Users\Test\.m2\repository\com\google\guava\guava\30.1.1-android\guava-30.1.1-android.jar;C:\Users\Test\.m2\repository\com\google\guava\failureaccess\1.0.1\failureaccess-1.0.1.jar;C:\Users\Test\.m2\repository\com\google\guava\listenablefuture\9999.0-empty-to-avoid-conflict-with-guava\listenablefuture-9999.0-empty-to-avoid-conflict-with-guava.jar;C:\Users\Test\.m2\repository\com\google\j2objc\j2objc-annotations\1.3\j2objc-annotations-1.3.jar;C:\Users\Test\.m2\repository\com\google\auto\value\auto-value-annotations\1.8.1\auto-value-annotations-1.8.1.jar;C:\Users\Test\.m2\repository\com\google\errorprone\error_prone_annotations\2.7.1\error_prone_annotations-2.7.1.jar;C:\Users\Test\.m2\repository\org\ow2\asm\asm\9.1\asm-9.1.jar;C:\Users\Test\.m2\repository\com\google\cloud\functions\invoker\java-function-invoker\1.0.1\java-function-invoker-1.0.1.jar;C:\Users\Test\.m2\repository\com\google\cloud\functions\functions-framework-api\1.0.4\functions-framework-api-1.0.4.jar;C:\Users\Test\.m2\repository\io\cloudevents\cloudevents-api\2.0.0.RC2\cloudevents-api-2.0.0.RC2.jar;C:\Users\Test\.m2\repository\com\github\spotbugs\spotbugs-annotations\4.5.0\spotbugs-annotations-4.5.0.jar;C:\Users\Test\.m2\repository\com\google\code\findbugs\jsr305\3.0.2\jsr305-3.0.2.jar;C:\Users\Test\.m2\repository\com\google\cloud\google-cloud-core\2.3.2\google-cloud-core-2.3.2-tests.jar;C:\Users\Test\.m2\repository\com\google\api\gax\2.7.0\gax-2.7.0.jar;C:\Users\Test\.m2\repository\io\opencensus\opencensus-api\0.28.0\opencensus-api-0.28.0.jar;C:\Users\Test\.m2\repository\io\grpc\grpc-context\1.27.2\grpc-context-1.27.2.jar;C:\Users\Test\.m2\repository\com\google\protobuf\protobuf-java-util\3.19.1\protobuf-java-util-3.19.1.jar;C:\Users\Test\.m2\repository\com\google\code\gson\gson\2.8.6\gson-2.8.6.jar;C:\Users\Test\.m2\repository\com\google\api\grpc\proto-google-common-protos\2.7.0\proto-google-common-protos-2.7.0.jar;C:\Users\Test\.m2\repository\com\google\api\grpc\proto-google-iam-v1\1.1.7\proto-google-iam-v1-1.1.7.jar;C:\Users\Test\.m2\repository\org\threeten\threetenbp\1.5.2\threetenbp-1.5.2.jar;C:\Users\Test\.m2\repository\com\google\api\api-common\2.1.1\api-common-2.1.1.jar;C:\Users\Test\.m2\repository\javax\annotation\javax.annotation-api\1.3.2\javax.annotation-api-1.3.2.jar;C:\Users\Test\.m2\repository\com\google\auth\google-auth-library-credentials\1.3.0\google-auth-library-credentials-1.3.0.jar;C:\Users\Test\.m2\repository\com\google\auth\google-auth-library-oauth2-http\1.3.0\google-auth-library-oauth2-http-1.3.0.jar;C:\Users\Test\.m2\repository\com\google\http-client\google-http-client\1.40.1\google-http-client-1.40.1.jar;C:\Users\Test\.m2\repository\org\apache\httpcomponents\httpclient\4.5.13\httpclient-4.5.13.jar;C:\Users\Test\.m2\repository\commons-logging\commons-logging\1.2\commons-logging-1.2.jar;C:\Users\Test\.m2\repository\commons-codec\commons-codec\1.11\commons-codec-1.11.jar;C:\Users\Test\.m2\repository\org\apache\httpcomponents\httpcore\4.4.14\httpcore-4.4.14.jar;C:\Users\Test\.m2\repository\io\opencensus\opencensus-contrib-http-util\0.28.0\opencensus-contrib-http-util-0.28.0.jar;C:\Users\Test\.m2\repository\com\google\http-client\google-http-client-gson\1.40.1\google-http-client-gson-1.40.1.jar;C:\Users\Test\.m2\repository\com\google\protobuf\protobuf-java\3.19.1\protobuf-java-3.19.1.jar;"/>
    <property name="java.vm.vendor" value="Oracle Corporation"/>
    <property name="sun.arch.data.model" value="64"/>
    <property name="user.variant" value=""/>
    <property name="java.vendor.url" value="https://openjdk.java.net/"/>
    <property name="user.timezone" value="America/Chicago"/>
    <property name="java.vm.specification.version" value="11"/>
    <property name="os.name" value="Windows 11"/>
    <property name="sun.java.launcher" value="SUN_STANDARD"/>
    <property name="user.country" value="US"/>
    <property name="sun.boot.library.path" value="C:\Program Files\Java\jdk-11.0.16.1\bin"/>
    <property name="sun.java.command" value="C:\Users\Test\AppData\Local\Temp\surefire9575329946470993200\surefirebooter3975798624723988837.jar C:\Users\Test\AppData\Local\Temp\surefire9575329946470993200 2022-11-15T12-25-12_771-jvmRun1 surefire9894822059225239558tmp surefire_014557154464296963660tmp"/>
    <property name="jdk.debug" value="release"/>
    <property name="surefire.test.class.path" value="C:\Users\Test\IdeaProjects\cloud-sql\postgres\servlet\target\test-classes;C:\Users\Test\IdeaProjects\cloud-sql\postgres\servlet\target\classes;C:\Users\Test\.m2\repository\javax\servlet\javax.servlet-api\3.1.0\javax.servlet-api-3.1.0.jar;C:\Users\Test\.m2\repository\javax\servlet\jstl\1.2\jstl-1.2.jar;C:\Users\Test\.m2\repository\org\postgresql\postgresql\42.4.1\postgresql-42.4.1.jar;C:\Users\Test\.m2\repository\org\checkerframework\checker-qual\3.5.0\checker-qual-3.5.0.jar;C:\Users\Test\.m2\repository\com\google\cloud\sql\postgres-socket-factory\1.4.1\postgres-socket-factory-1.4.1.jar;C:\Users\Test\.m2\repository\com\google\cloud\sql\jdbc-socket-factory-core\1.4.1\jdbc-socket-factory-core-1.4.1.jar;C:\Users\Test\.m2\repository\com\google\http-client\google-http-client-jackson2\1.40.1\google-http-client-jackson2-1.40.1.jar;C:\Users\Test\.m2\repository\com\fasterxml\jackson\core\jackson-core\2.13.0\jackson-core-2.13.0.jar;C:\Users\Test\.m2\repository\com\google\api-client\google-api-client\1.32.2\google-api-client-1.32.2.jar;C:\Users\Test\.m2\repository\com\google\oauth-client\google-oauth-client\1.32.1\google-oauth-client-1.32.1.jar;C:\Users\Test\.m2\repository\com\google\http-client\google-http-client-apache-v2\1.40.1\google-http-client-apache-v2-1.40.1.jar;C:\Users\Test\.m2\repository\org\checkerframework\checker-compat-qual\2.5.5\checker-compat-qual-2.5.5.jar;C:\Users\Test\.m2\repository\com\google\apis\google-api-services-sqladmin\v1beta4-rev20211110-1.32.1\google-api-services-sqladmin-v1beta4-rev20211110-1.32.1.jar;C:\Users\Test\.m2\repository\com\github\jnr\jnr-unixsocket\0.38.14\jnr-unixsocket-0.38.14.jar;C:\Users\Test\.m2\repository\com\github\jnr\jnr-ffi\2.2.10\jnr-ffi-2.2.10.jar;C:\Users\Test\.m2\repository\com\github\jnr\jffi\1.3.8\jffi-1.3.8.jar;C:\Users\Test\.m2\repository\com\github\jnr\jffi\1.3.8\jffi-1.3.8-native.jar;C:\Users\Test\.m2\repository\org\ow2\asm\asm-commons\9.2\asm-commons-9.2.jar;C:\Users\Test\.m2\repository\com\github\jnr\jnr-a64asm\1.0.0\jnr-a64asm-1.0.0.jar;C:\Users\Test\.m2\repository\com\github\jnr\jnr-x86asm\1.0.2\jnr-x86asm-1.0.2.jar;C:\Users\Test\.m2\repository\com\github\jnr\jnr-constants\0.10.3\jnr-constants-0.10.3.jar;C:\Users\Test\.m2\repository\com\github\jnr\jnr-enxio\0.32.12\jnr-enxio-0.32.12.jar;C:\Users\Test\.m2\repository\com\github\jnr\jnr-posix\3.1.13\jnr-posix-3.1.13.jar;C:\Users\Test\.m2\repository\org\ow2\asm\asm-util\9.2\asm-util-9.2.jar;C:\Users\Test\.m2\repository\org\ow2\asm\asm-tree\9.2\asm-tree-9.2.jar;C:\Users\Test\.m2\repository\org\ow2\asm\asm-analysis\9.2\asm-analysis-9.2.jar;C:\Users\Test\.m2\repository\com\zaxxer\HikariCP\5.0.1\HikariCP-5.0.1.jar;C:\Users\Test\.m2\repository\org\slf4j\slf4j-api\2.0.0-alpha1\slf4j-api-2.0.0-alpha1.jar;C:\Users\Test\.m2\repository\org\mockito\mockito-core\4.5.1\mockito-core-4.5.1.jar;C:\Users\Test\.m2\repository\net\bytebuddy\byte-buddy\1.12.9\byte-buddy-1.12.9.jar;C:\Users\Test\.m2\repository\net\bytebuddy\byte-buddy-agent\1.12.9\byte-buddy-agent-1.12.9.jar;C:\Users\Test\.m2\repository\org\objenesis\objenesis\3.2\objenesis-3.2.jar;C:\Users\Test\.m2\repository\junit\junit\4.13.2\junit-4.13.2.jar;C:\Users\Test\.m2\repository\org\hamcrest\hamcrest-core\1.3\hamcrest-core-1.3.jar;C:\Users\Test\.m2\repository\com\google\truth\truth\1.1.3\truth-1.1.3.jar;C:\Users\Test\.m2\repository\com\google\guava\guava\30.1.1-android\guava-30.1.1-android.jar;C:\Users\Test\.m2\repository\com\google\guava\failureaccess\1.0.1\failureaccess-1.0.1.jar;C:\Users\Test\.m2\repository\com\google\guava\listenablefuture\9999.0-empty-to-avoid-conflict-with-guava\listenablefuture-9999.0-empty-to-avoid-conflict-with-guava.jar;C:\Users\Test\.m2\repository\com\google\j2objc\j2objc-annotations\1.3\j2objc-annotations-1.3.jar;C:\Users\Test\.m2\repository\com\google\auto\value\auto-value-annotations\1.8.1\auto-value-annotations-1.8.1.jar;C:\Users\Test\.m2\repository\com\google\errorprone\error_prone_annotations\2.7.1\error_prone_annotations-2.7.1.jar;C:\Users\Test\.m2\repository\org\ow2\asm\asm\9.1\asm-9.1.jar;C:\Users\Test\.m2\repository\com\google\cloud\functions\invoker\java-function-invoker\1.0.1\java-function-invoker-1.0.1.jar;C:\Users\Test\.m2\repository\com\google\cloud\functions\functions-framework-api\1.0.4\functions-framework-api-1.0.4.jar;C:\Users\Test\.m2\repository\io\cloudevents\cloudevents-api\2.0.0.RC2\cloudevents-api-2.0.0.RC2.jar;C:\Users\Test\.m2\repository\com\github\spotbugs\spotbugs-annotations\4.5.0\spotbugs-annotations-4.5.0.jar;C:\Users\Test\.m2\repository\com\google\code\findbugs\jsr305\3.0.2\jsr305-3.0.2.jar;C:\Users\Test\.m2\repository\com\google\cloud\google-cloud-core\2.3.2\google-cloud-core-2.3.2-tests.jar;C:\Users\Test\.m2\repository\com\google\api\gax\2.7.0\gax-2.7.0.jar;C:\Users\Test\.m2\repository\io\opencensus\opencensus-api\0.28.0\opencensus-api-0.28.0.jar;C:\Users\Test\.m2\repository\io\grpc\grpc-context\1.27.2\grpc-context-1.27.2.jar;C:\Users\Test\.m2\repository\com\google\protobuf\protobuf-java-util\3.19.1\protobuf-java-util-3.19.1.jar;C:\Users\Test\.m2\repository\com\google\code\gson\gson\2.8.6\gson-2.8.6.jar;C:\Users\Test\.m2\repository\com\google\api\grpc\proto-google-common-protos\2.7.0\proto-google-common-protos-2.7.0.jar;C:\Users\Test\.m2\repository\com\google\api\grpc\proto-google-iam-v1\1.1.7\proto-google-iam-v1-1.1.7.jar;C:\Users\Test\.m2\repository\org\threeten\threetenbp\1.5.2\threetenbp-1.5.2.jar;C:\Users\Test\.m2\repository\com\google\api\api-common\2.1.1\api-common-2.1.1.jar;C:\Users\Test\.m2\repository\javax\annotation\javax.annotation-api\1.3.2\javax.annotation-api-1.3.2.jar;C:\Users\Test\.m2\repository\com\google\auth\google-auth-library-credentials\1.3.0\google-auth-library-credentials-1.3.0.jar;C:\Users\Test\.m2\repository\com\google\auth\google-auth-library-oauth2-http\1.3.0\google-auth-library-oauth2-http-1.3.0.jar;C:\Users\Test\.m2\repository\com\google\http-client\google-http-client\1.40.1\google-http-client-1.40.1.jar;C:\Users\Test\.m2\repository\org\apache\httpcomponents\httpclient\4.5.13\httpclient-4.5.13.jar;C:\Users\Test\.m2\repository\commons-logging\commons-logging\1.2\commons-logging-1.2.jar;C:\Users\Test\.m2\repository\commons-codec\commons-codec\1.11\commons-codec-1.11.jar;C:\Users\Test\.m2\repository\org\apache\httpcomponents\httpcore\4.4.14\httpcore-4.4.14.jar;C:\Users\Test\.m2\repository\io\opencensus\opencensus-contrib-http-util\0.28.0\opencensus-contrib-http-util-0.28.0.jar;C:\Users\Test\.m2\repository\com\google\http-client\google-http-client-gson\1.40.1\google-http-client-gson-1.40.1.jar;C:\Users\Test\.m2\repository\com\google\protobuf\protobuf-java\3.19.1\protobuf-java-3.19.1.jar;"/>
    <property name="sun.cpu.endian" value="little"/>
    <property name="user.home" value="C:\Users\Test"/>
    <property name="user.language" value="en"/>
    <property name="java.specification.vendor" value="Oracle Corporation"/>
    <property name="java.version.date" value="2022-08-18"/>
    <property name="java.home" value="C:\Program Files\Java\jdk-11.0.16.1"/>
    <property name="file.separator" value="\"/>
    <property name="basedir" value="C:\Users\Test\IdeaProjects\cloud-sql\postgres\servlet"/>
    <property name="java.vm.compressedOopsMode" value="32-bit"/>
    <property name="line.separator" value="&#10;"/>
    <property name="java.specification.name" value="Java Platform API Specification"/>
    <property name="java.vm.specification.vendor" value="Oracle Corporation"/>
    <property name="java.awt.graphicsenv" value="sun.awt.Win32GraphicsEnvironment"/>
    <property name="surefire.real.class.path" value="C:\Users\Test\AppData\Local\Temp\surefire9575329946470993200\surefirebooter3975798624723988837.jar"/>
    <property name="user.script" value=""/>
    <property name="sun.management.compiler" value="HotSpot 64-Bit Tiered Compilers"/>
    <property name="java.runtime.version" value="11.0.16.1+1-LTS-1"/>
    <property name="user.name" value="Test"/>
    <property name="path.separator" value=";"/>
    <property name="os.version" value="10.0"/>
    <property name="java.runtime.name" value="Java(TM) SE Runtime Environment"/>
    <property name="file.encoding" value="Cp1252"/>
    <property name="java.vm.name" value="Java HotSpot(TM) 64-Bit Server VM"/>
    <property name="java.vendor.version" value="18.9"/>
    <property name="localRepository" value="C:\Users\Test\.m2\repository"/>
    <property name="java.vendor.url.bug" value="https://bugreport.java.com/bugreport/"/>
    <property name="java.io.tmpdir" value="C:\Users\Test\AppData\Local\Temp\"/>
    <property name="idea.version" value="2022.2.2"/>
    <property name="java.version" value="11.0.16.1"/>
    <property name="user.dir" value="C:\Users\Test\IdeaProjects\cloud-sql\postgres\servlet"/>
    <property name="os.arch" value="amd64"/>
    <property name="java.vm.specification.name" value="Java Virtual Machine Specification"/>
    <property name="java.awt.printerjob" value="sun.awt.windows.WPrinterJob"/>
    <property name="sun.os.patch.level" value=""/>
    <property name="java.library.path" value="C:\Program Files\Java\jdk-11.0.16.1\bin;C:\WINDOWS\Sun\Java\bin;C:\WINDOWS\system32;C:\WINDOWS;C:\Program Files\Common Files\Oracle\Java\javapath;C:\Program Files (x86)\Common Files\Oracle\Java\javapath;C:\WINDOWS\system32;C:\WINDOWS;C:\WINDOWS\System32\Wbem;C:\WINDOWS\System32\WindowsPowerShell\v1.0\;C:\WINDOWS\System32\OpenSSH\;C:\Program Files\Git\cmd;C:\Program Files\nodejs\;C:\Program Files\MySQL\MySQL Shell 8.0\bin\;C:\Users\Test\AppData\Local\Microsoft\WindowsApps;C:\Users\Test\AppData\Local\Google\Cloud SDK\google-cloud-sdk\bin;C:\Users\Test\AppData\Roaming\npm;."/>
    <property name="java.vendor" value="Oracle Corporation"/>
    <property name="java.vm.info" value="mixed mode"/>
    <property name="java.vm.version" value="11.0.16.1+1-LTS-1"/>
    <property name="sun.io.unicode.encoding" value="UnicodeLittle"/>
    <property name="java.class.version" value="55.0"/>
  </properties>
  <testcase name="" classname="com.example.cloudsql.TestIndexServletPostgres(sponge_log)" time="0.355">
    <failure message="Environment variable &apos;PG_USER&apos; must be set to perform these tests.&#10;value of: getenv(...)&#10;expected nonempty string&#10;but was : null" type="Environment variable &apos;PG_USER&apos; must be set to perform these tests.&#10;value of"><![CDATA[Environment variable 'PG_USER' must be set to perform these tests.
value of: getenv(...)
expected nonempty string
but was : null
	at com.example.cloudsql.TestIndexServletPostgres.lambda$checkEnvVars$0(TestIndexServletPostgres.java:57)
	at java.base/java.util.Arrays$ArrayList.forEach(Arrays.java:4390)
	at com.example.cloudsql.TestIndexServletPostgres.checkEnvVars(TestIndexServletPostgres.java:54)
	at com.example.cloudsql.TestIndexServletPostgres.createPool(TestIndexServletPostgres.java:80)
]]></failure>
  </testcase>
  <testcase name="" classname="com.example.cloudsql.TestIndexServletPostgres(sponge_log)" time="0.356">
    <error type="java.lang.NullPointerException"><![CDATA[java.lang.NullPointerException
	at com.example.cloudsql.TestIndexServletPostgres.dropTable(TestIndexServletPostgres.java:96)
	at java.base/jdk.internal.reflect.NativeMethodAccessorImpl.invoke0(Native Method)
	at java.base/jdk.internal.reflect.NativeMethodAccessorImpl.invoke(NativeMethodAccessorImpl.java:62)
	at java.base/jdk.internal.reflect.DelegatingMethodAccessorImpl.invoke(DelegatingMethodAccessorImpl.java:43)
	at java.base/java.lang.reflect.Method.invoke(Method.java:566)
	at org.junit.runners.model.FrameworkMethod$1.runReflectiveCall(FrameworkMethod.java:59)
	at org.junit.internal.runners.model.ReflectiveCallable.run(ReflectiveCallable.java:12)
	at org.junit.runners.model.FrameworkMethod.invokeExplosively(FrameworkMethod.java:56)
	at org.junit.internal.runners.statements.RunAfters.invokeMethod(RunAfters.java:46)
	at org.junit.internal.runners.statements.RunAfters.evaluate(RunAfters.java:33)
	at org.junit.runners.ParentRunner$3.evaluate(ParentRunner.java:306)
	at org.junit.runners.ParentRunner.run(ParentRunner.java:413)
	at org.apache.maven.surefire.junit4.JUnit4Provider.execute(JUnit4Provider.java:364)
	at org.apache.maven.surefire.junit4.JUnit4Provider.executeWithRerun(JUnit4Provider.java:272)
	at org.apache.maven.surefire.junit4.JUnit4Provider.executeTestSet(JUnit4Provider.java:237)
	at org.apache.maven.surefire.junit4.JUnit4Provider.invoke(JUnit4Provider.java:158)
	at org.apache.maven.surefire.booter.ForkedBooter.runSuitesInProcess(ForkedBooter.java:428)
	at org.apache.maven.surefire.booter.ForkedBooter.execute(ForkedBooter.java:162)
	at org.apache.maven.surefire.booter.ForkedBooter.run(ForkedBooter.java:562)
	at org.apache.maven.surefire.booter.ForkedBooter.main(ForkedBooter.java:548)
]]></error>
  </testcase>
</testsuite>